<?xml version="1.0" encoding="UTF-8"?>
<testsuite name="com.example.HelloWorldTest" tests="1" skipped="0" failures="0" errors="0" timestamp="2025-05-16T20:44:25" hostname="Aias-MBP" time="0.007">
  <properties/>
  <testcase name="testGetMessage()" classname="com.example.HelloWorldTest" time="0.007"/>
  <system-out><![CDATA[]]></system-out>
  <system-err><![CDATA[]]></system-err>
</testsuite>
